version: (200506)

available memory: 64M bytes
used memory: 106496 bytes [need 104K bytes if disable swap]

used block: 6 [memory(6) file(0)]
                 [ 8K(5) 64K(1) { total 104K bytes } ]
overhead: (9522) bytes for (6) blocks [Average: (1587) bytes/block]

write  => 0(times) 0K(bytes) [0K bytes to file]
read   => 1(times) 25K(bytes) [5K bytes compressed data from file]
access => 26924(times) 222M(bytes)
          [hit ratio: 99.9963%]

time: write(0) read(0)  unit: second

swap file directory: (/home/stone/System_Verilog_Study/2_Verfication_Projects/1_FIFO_Verificarion/verdiLog)
used swap file number: (1)



swap file manager:
arrSize: (256)
idxCnt: (3)
closeHead: (1)
closeTail: (2)
openCnt: (2)
fid(2): fd(29) fileName(/home/stone/System_Verilog_Study/2_Verfication_Projects/1_FIFO_Verificarion/verdiLog/_swap_0001#-995790742#18513)
	size(0) lastModTime(0) curModTime(1695796804)
	mode(w+b)	hot(0) cool(1) pos(0)
fid(1): fd(1073741824) fileName(/home/stone/System_Verilog_Study/2_Verfication_Projects/1_FIFO_Verificarion/simv.daidir/kdb.elab++/work.lib++/fifo_verification.sv.tdc)
	size(9471) lastModTime(1695796759) curModTime(1695796759)
	mode(rb)	hot(2) cool(0) pos(0)
fid(0): fd(0) fileName(NULL)
	mode(NULL)	hot(0) cool(0) pos(0)
==================================================
mySelf(14b0e3e0) pre(1408bd90) next(0)
version(200506)
date(Feb 11 2019 22:10:27)
