Command: /home/stone/System_Verilog_Study/2_Verfication_Projects/0_DFLIP_FLOP_A1/./simv -l simv.log +ntb_random_seed=1
Chronologic VCS simulator copyright 1991-2018
Contains Synopsys proprietary information.
Compiler version O-2018.09-SP2_Full64; Runtime version O-2018.09-SP2_Full64;  Nov 22 17:26 2023
VCD+ Writer O-2018.09-SP2_Full64 Copyright (c) 1991-2018 by Synopsys Inc.
*Verdi* Loading libsscore_vcs201809.so
FSDB Dumper for VCS, Release Verdi_O-2018.09-SP2, Linux x86_64/64bit, 02/21/2019
(C) 1996 - 2019 by Synopsys, Inc.
*Verdi* FSDB WARNING: The FSDB file already exists. Overwriting the FSDB file may crash the programs that are using this file.
*Verdi* : Create FSDB file 'novas.fsdb'
*Verdi* : Begin traversing the scopes, layer (0).
*Verdi* : End of traversing.
[DRV : RESET DONE
[GEN] : DIN : 0 DOUT : 0
[DRV] : DIN : 0 DOUT : 0
[MON] : DIN : 0 DOUT : 0
[SCO] : DIN : 0 DOUT : 0
[REF] : DIN : 0 DOUT : 0
[SCO] : DATA MATCHED
-------------------------------------------------
[GEN] : DIN : 0 DOUT : 0
[DRV] : DIN : 0 DOUT : 0
[MON] : DIN : 0 DOUT : 0
[SCO] : DIN : 0 DOUT : 0
[REF] : DIN : 0 DOUT : 0
[SCO] : DATA MATCHED
-------------------------------------------------
[GEN] : DIN : 0 DOUT : 0
[DRV] : DIN : 0 DOUT : 0
[MON] : DIN : 0 DOUT : 0
[SCO] : DIN : 0 DOUT : 0
[REF] : DIN : 0 DOUT : 0
[SCO] : DATA MATCHED
-------------------------------------------------
[GEN] : DIN : 0 DOUT : 0
[DRV] : DIN : 0 DOUT : 0
[MON] : DIN : 0 DOUT : 0
[SCO] : DIN : 0 DOUT : 0
[REF] : DIN : 0 DOUT : 0
[SCO] : DATA MATCHED
-------------------------------------------------
[GEN] : DIN : 0 DOUT : 0
[DRV] : DIN : 0 DOUT : 0
[MON] : DIN : 0 DOUT : 0
[SCO] : DIN : 0 DOUT : 0
[REF] : DIN : 0 DOUT : 0
[SCO] : DATA MATCHED
-------------------------------------------------
[GEN] : DIN : 0 DOUT : 0
[DRV] : DIN : 0 DOUT : 0
[MON] : DIN : 0 DOUT : 0
[SCO] : DIN : 0 DOUT : 0
[REF] : DIN : 0 DOUT : 0
[SCO] : DATA MATCHED
-------------------------------------------------
[GEN] : DIN : 0 DOUT : 0
[DRV] : DIN : 0 DOUT : 0
[MON] : DIN : 0 DOUT : 0
[SCO] : DIN : 0 DOUT : 0
[REF] : DIN : 0 DOUT : 0
[SCO] : DATA MATCHED
-------------------------------------------------
[GEN] : DIN : 0 DOUT : 0
[DRV] : DIN : 0 DOUT : 0
[MON] : DIN : 0 DOUT : 0
[SCO] : DIN : 0 DOUT : 0
[REF] : DIN : 0 DOUT : 0
[SCO] : DATA MATCHED
-------------------------------------------------
[GEN] : DIN : 0 DOUT : 0
[DRV] : DIN : 0 DOUT : 0
[MON] : DIN : 0 DOUT : 0
[SCO] : DIN : 0 DOUT : 0
[REF] : DIN : 0 DOUT : 0
[SCO] : DATA MATCHED
-------------------------------------------------
[GEN] : DIN : 0 DOUT : 0
[DRV] : DIN : 0 DOUT : 0
[MON] : DIN : 0 DOUT : 0
[SCO] : DIN : 0 DOUT : 0
[REF] : DIN : 0 DOUT : 0
[SCO] : DATA MATCHED
-------------------------------------------------
[GEN] : DIN : 0 DOUT : 0
[DRV] : DIN : 0 DOUT : 0
[MON] : DIN : 0 DOUT : 0
[SCO] : DIN : 0 DOUT : 0
[REF] : DIN : 0 DOUT : 0
[SCO] : DATA MATCHED
-------------------------------------------------
[GEN] : DIN : 0 DOUT : 0
[DRV] : DIN : 0 DOUT : 0
[MON] : DIN : 0 DOUT : 0
[SCO] : DIN : 0 DOUT : 0
[REF] : DIN : 0 DOUT : 0
[SCO] : DATA MATCHED
-------------------------------------------------
[GEN] : DIN : 0 DOUT : 0
[DRV] : DIN : 0 DOUT : 0
[MON] : DIN : 0 DOUT : 0
[SCO] : DIN : 0 DOUT : 0
[REF] : DIN : 0 DOUT : 0
[SCO] : DATA MATCHED
-------------------------------------------------
[GEN] : DIN : 0 DOUT : 0
[DRV] : DIN : 0 DOUT : 0
[MON] : DIN : 0 DOUT : 0
[SCO] : DIN : 0 DOUT : 0
[REF] : DIN : 0 DOUT : 0
[SCO] : DATA MATCHED
-------------------------------------------------
[GEN] : DIN : 0 DOUT : 0
[DRV] : DIN : 0 DOUT : 0
[MON] : DIN : 0 DOUT : 0
[SCO] : DIN : 0 DOUT : 0
[REF] : DIN : 0 DOUT : 0
[SCO] : DATA MATCHED
-------------------------------------------------
[GEN] : DIN : 0 DOUT : 0
[DRV] : DIN : 0 DOUT : 0
[MON] : DIN : 0 DOUT : 0
[SCO] : DIN : 0 DOUT : 0
[REF] : DIN : 0 DOUT : 0
[SCO] : DATA MATCHED
-------------------------------------------------
[GEN] : DIN : 0 DOUT : 0
[DRV] : DIN : 0 DOUT : 0
[MON] : DIN : 0 DOUT : 0
[SCO] : DIN : 0 DOUT : 0
[REF] : DIN : 0 DOUT : 0
[SCO] : DATA MATCHED
-------------------------------------------------
[GEN] : DIN : 0 DOUT : 0
[DRV] : DIN : 0 DOUT : 0
[MON] : DIN : 0 DOUT : 0
[SCO] : DIN : 0 DOUT : 0
[REF] : DIN : 0 DOUT : 0
[SCO] : DATA MATCHED
-------------------------------------------------
[GEN] : DIN : 0 DOUT : 0
[DRV] : DIN : 0 DOUT : 0
[MON] : DIN : 0 DOUT : 0
[SCO] : DIN : 0 DOUT : 0
[REF] : DIN : 0 DOUT : 0
[SCO] : DATA MATCHED
-------------------------------------------------
[GEN] : DIN : 0 DOUT : 0
[DRV] : DIN : 0 DOUT : 0
[MON] : DIN : 0 DOUT : 0
[SCO] : DIN : 0 DOUT : 0
[REF] : DIN : 0 DOUT : 0
[SCO] : DATA MATCHED
-------------------------------------------------
[GEN] : DIN : 0 DOUT : 0
[DRV] : DIN : 0 DOUT : 0
[MON] : DIN : 0 DOUT : 0
[SCO] : DIN : 0 DOUT : 0
[REF] : DIN : 0 DOUT : 0
[SCO] : DATA MATCHED
-------------------------------------------------
[GEN] : DIN : 0 DOUT : 0
[DRV] : DIN : 0 DOUT : 0
[MON] : DIN : 0 DOUT : 0
[SCO] : DIN : 0 DOUT : 0
[REF] : DIN : 0 DOUT : 0
[SCO] : DATA MATCHED
-------------------------------------------------
[GEN] : DIN : 0 DOUT : 0
[DRV] : DIN : 0 DOUT : 0
[MON] : DIN : 0 DOUT : 0
[SCO] : DIN : 0 DOUT : 0
[REF] : DIN : 0 DOUT : 0
[SCO] : DATA MATCHED
-------------------------------------------------
[GEN] : DIN : 0 DOUT : 0
[DRV] : DIN : 0 DOUT : 0
[MON] : DIN : 0 DOUT : 0
[SCO] : DIN : 0 DOUT : 0
[REF] : DIN : 0 DOUT : 0
[SCO] : DATA MATCHED
-------------------------------------------------
[GEN] : DIN : 0 DOUT : 0
[DRV] : DIN : 0 DOUT : 0
[MON] : DIN : 0 DOUT : 0
[SCO] : DIN : 0 DOUT : 0
[REF] : DIN : 0 DOUT : 0
[SCO] : DATA MATCHED
-------------------------------------------------
[GEN] : DIN : 0 DOUT : 0
[DRV] : DIN : 0 DOUT : 0
[MON] : DIN : 0 DOUT : 0
[SCO] : DIN : 0 DOUT : 0
[REF] : DIN : 0 DOUT : 0
[SCO] : DATA MATCHED
-------------------------------------------------
[GEN] : DIN : 0 DOUT : 0
[DRV] : DIN : 0 DOUT : 0
[MON] : DIN : 0 DOUT : 0
[SCO] : DIN : 0 DOUT : 0
[REF] : DIN : 0 DOUT : 0
[SCO] : DATA MATCHED
-------------------------------------------------
[GEN] : DIN : 0 DOUT : 0
[DRV] : DIN : 0 DOUT : 0
[MON] : DIN : 0 DOUT : 0
[SCO] : DIN : 0 DOUT : 0
[REF] : DIN : 0 DOUT : 0
[SCO] : DATA MATCHED
-------------------------------------------------
[GEN] : DIN : 0 DOUT : 0
[DRV] : DIN : 0 DOUT : 0
[MON] : DIN : 0 DOUT : 0
[SCO] : DIN : 0 DOUT : 0
[REF] : DIN : 0 DOUT : 0
[SCO] : DATA MATCHED
-------------------------------------------------
[GEN] : DIN : 0 DOUT : 0
[DRV] : DIN : 0 DOUT : 0
[MON] : DIN : 0 DOUT : 0
[SCO] : DIN : 0 DOUT : 0
[REF] : DIN : 0 DOUT : 0
[SCO] : DATA MATCHED
-------------------------------------------------
$finish called from file "test.sv", line 195.
$finish at simulation time                 1310
           V C S   S i m u l a t i o n   R e p o r t 
Time: 1310
CPU Time:      0.160 seconds;       Data structure size:   0.0Mb
Wed Nov 22 17:26:41 2023
